<?xml version="1.0" encoding="UTF-8"?>
<!-- Generated by org.testng.reporters.JUnitReportReporter -->
<testsuite hostname="DESKTOP-BO9JQS5" failures="0" tests="1" name="TrialScenarios.Flipkart.RedmiMoble4GBTest" time="131.092" errors="0" timestamp="2022-09-20T17:41:13 IST" skipped="0">
  <testcase classname="TrialScenarios.Flipkart.RedmiMoble4GBTest" name="redmiMobileTest" time="131.092"/>
  <system-out>
    <![CDATA[login button closed
mobile is searched
products are printed]]>
  </system-out>
</testsuite> <!-- TrialScenarios.Flipkart.RedmiMoble4GBTest -->
