<?xml version="1.0" encoding="UTF-8"?>
<!-- Generated by org.testng.reporters.JUnitReportReporter -->
<testsuite hostname="DESKTOP-BO9JQS5" failures="0" tests="1" name="TrialScenarios.Flipkart.FlipkartHeaterTest" time="181.727" errors="0" timestamp="2022-09-20T16:38:50 IST" skipped="0">
  <testcase classname="TrialScenarios.Flipkart.FlipkartHeaterTest" name="WinterHeaterTest" time="181.727"/>
  <system-out>
    <![CDATA[login button closed
Product is searched
Selection of ProductPage appeared
Product added to cart
same Product added to cart]]>
  </system-out>
</testsuite> <!-- TrialScenarios.Flipkart.FlipkartHeaterTest -->
